<?xml version="1.0" encoding="UTF-8"?>
<robot generator="Robot 6.1.1 (Python 3.11.4 on win32)" generated="20231109 09:54:49.072" rpa="false" schemaversion="4">
<suite id="s1" name="Formulario" source="d:\Desktop\testes\formulario.robot">
<test id="s1-t1" name="Cenário 1: preencher formulário" line="72">
<kw name="acessar o site">
<kw name="Open Browser" library="SeleniumLibrary">
<arg>${base_url}</arg>
<arg>chrome</arg>
<doc>Opens a new browser instance to the optional ``url``.</doc>
<msg timestamp="20231109 09:54:49.326" level="INFO">Opening browser 'chrome' to base url 'https://fs2.formsite.com/meherpavan/form2/index.html?1537702596407'.</msg>
<status status="PASS" starttime="20231109 09:54:49.326" endtime="20231109 09:54:51.641"/>
</kw>
<kw name="Maximize Browser Window" library="SeleniumLibrary">
<doc>Maximizes current browser window.</doc>
<status status="PASS" starttime="20231109 09:54:51.642" endtime="20231109 09:54:51.764"/>
</kw>
<status status="PASS" starttime="20231109 09:54:49.325" endtime="20231109 09:54:51.764"/>
</kw>
<kw name="preencher campos">
<kw name="Input Text" library="SeleniumLibrary">
<arg>${input_name}</arg>
<arg>felipe</arg>
<doc>Types the given ``text`` into the text field identified by ``locator``.</doc>
<msg timestamp="20231109 09:54:51.767" level="INFO">Typing text 'felipe' into text field 'id:RESULT_TextField-1'.</msg>
<status status="PASS" starttime="20231109 09:54:51.766" endtime="20231109 09:54:51.900"/>
</kw>
<kw name="Input Text" library="SeleniumLibrary">
<arg>${input_lastname}</arg>
<arg>franco</arg>
<doc>Types the given ``text`` into the text field identified by ``locator``.</doc>
<msg timestamp="20231109 09:54:51.901" level="INFO">Typing text 'franco' into text field 'id:RESULT_TextField-2'.</msg>
<status status="PASS" starttime="20231109 09:54:51.900" endtime="20231109 09:54:51.988"/>
</kw>
<kw name="Input Text" library="SeleniumLibrary">
<arg>${input_phone}</arg>
<arg>1191234-5678</arg>
<doc>Types the given ``text`` into the text field identified by ``locator``.</doc>
<msg timestamp="20231109 09:54:51.989" level="INFO">Typing text '1191234-5678' into text field 'id:RESULT_TextField-3'.</msg>
<status status="PASS" starttime="20231109 09:54:51.988" endtime="20231109 09:54:52.075"/>
</kw>
<kw name="Input Text" library="SeleniumLibrary">
<arg>${input_country}</arg>
<arg>brasil</arg>
<doc>Types the given ``text`` into the text field identified by ``locator``.</doc>
<msg timestamp="20231109 09:54:52.076" level="INFO">Typing text 'brasil' into text field 'id:RESULT_TextField-4'.</msg>
<status status="PASS" starttime="20231109 09:54:52.075" endtime="20231109 09:54:52.157"/>
</kw>
<kw name="Input Text" library="SeleniumLibrary">
<arg>${input_city}</arg>
<arg>são paulo</arg>
<doc>Types the given ``text`` into the text field identified by ``locator``.</doc>
<msg timestamp="20231109 09:54:52.158" level="INFO">Typing text 'são paulo' into text field 'id:RESULT_TextField-5'.</msg>
<status status="PASS" starttime="20231109 09:54:52.157" endtime="20231109 09:54:52.239"/>
</kw>
<kw name="Input Text" library="SeleniumLibrary">
<arg>${input_email}</arg>
<arg>felipefranco22@gmail.com</arg>
<doc>Types the given ``text`` into the text field identified by ``locator``.</doc>
<msg timestamp="20231109 09:54:52.240" level="INFO">Typing text 'felipefranco22@gmail.com' into text field 'id:RESULT_TextField-6'.</msg>
<status status="PASS" starttime="20231109 09:54:52.240" endtime="20231109 09:54:52.335"/>
</kw>
<status status="PASS" starttime="20231109 09:54:51.765" endtime="20231109 09:54:52.336"/>
</kw>
<kw name="preencher radio button">
<kw name="Radio Button Should Not Be Selected" library="SeleniumLibrary">
<arg>RESULT_RadioButton-7</arg>
<doc>Verifies radio button group ``group_name`` has no selection.</doc>
<msg timestamp="20231109 09:54:52.337" level="INFO">Verifying radio button 'RESULT_RadioButton-7' has no selection.</msg>
<status status="PASS" starttime="20231109 09:54:52.336" endtime="20231109 09:54:52.367"/>
</kw>
<kw name="Click Element" library="SeleniumLibrary">
<arg>//label[@for="RESULT_RadioButton-7_0"]</arg>
<doc>Click the element identified by ``locator``.</doc>
<msg timestamp="20231109 09:54:52.368" level="INFO">Clicking element '//label[@for="RESULT_RadioButton-7_0"]'.</msg>
<status status="PASS" starttime="20231109 09:54:52.367" endtime="20231109 09:54:52.419"/>
</kw>
<kw name="Radio Button Should Be Set To" library="SeleniumLibrary">
<arg>RESULT_RadioButton-7</arg>
<arg>Radio-0</arg>
<doc>Verifies radio button group ``group_name`` is set to ``value``.</doc>
<msg timestamp="20231109 09:54:52.420" level="INFO">Verifying radio button 'RESULT_RadioButton-7' has selection 'Radio-0'.</msg>
<status status="PASS" starttime="20231109 09:54:52.419" endtime="20231109 09:54:52.450"/>
</kw>
<status status="PASS" starttime="20231109 09:54:52.336" endtime="20231109 09:54:52.450"/>
</kw>
<kw name="preencher checklist">
<kw name="Checkbox Should Not Be Selected" library="SeleniumLibrary">
<arg>RESULT_CheckBox-8</arg>
<doc>Verifies checkbox ``locator`` is not selected/checked.</doc>
<msg timestamp="20231109 09:54:52.452" level="INFO">Verifying checkbox 'RESULT_CheckBox-8' is not selected.</msg>
<status status="PASS" starttime="20231109 09:54:52.452" endtime="20231109 09:54:52.513"/>
</kw>
<kw name="Click Element" library="SeleniumLibrary">
<arg>//label[@for="RESULT_CheckBox-8_0"]</arg>
<doc>Click the element identified by ``locator``.</doc>
<msg timestamp="20231109 09:54:52.514" level="INFO">Clicking element '//label[@for="RESULT_CheckBox-8_0"]'.</msg>
<status status="PASS" starttime="20231109 09:54:52.513" endtime="20231109 09:54:52.563"/>
</kw>
<kw name="Click Element" library="SeleniumLibrary">
<arg>//label[@for="RESULT_CheckBox-8_1"]</arg>
<doc>Click the element identified by ``locator``.</doc>
<msg timestamp="20231109 09:54:52.564" level="INFO">Clicking element '//label[@for="RESULT_CheckBox-8_1"]'.</msg>
<status status="PASS" starttime="20231109 09:54:52.564" endtime="20231109 09:54:52.618"/>
</kw>
<kw name="Click Element" library="SeleniumLibrary">
<arg>//label[@for="RESULT_CheckBox-8_2"]</arg>
<doc>Click the element identified by ``locator``.</doc>
<msg timestamp="20231109 09:54:52.618" level="INFO">Clicking element '//label[@for="RESULT_CheckBox-8_2"]'.</msg>
<status status="PASS" starttime="20231109 09:54:52.618" endtime="20231109 09:54:52.665"/>
</kw>
<kw name="Click Element" library="SeleniumLibrary">
<arg>//label[@for="RESULT_CheckBox-8_3"]</arg>
<doc>Click the element identified by ``locator``.</doc>
<msg timestamp="20231109 09:54:52.666" level="INFO">Clicking element '//label[@for="RESULT_CheckBox-8_3"]'.</msg>
<status status="PASS" starttime="20231109 09:54:52.666" endtime="20231109 09:54:52.717"/>
</kw>
<kw name="Click Element" library="SeleniumLibrary">
<arg>//label[@for="RESULT_CheckBox-8_4"]</arg>
<doc>Click the element identified by ``locator``.</doc>
<msg timestamp="20231109 09:54:52.718" level="INFO">Clicking element '//label[@for="RESULT_CheckBox-8_4"]'.</msg>
<status status="PASS" starttime="20231109 09:54:52.718" endtime="20231109 09:54:52.767"/>
</kw>
<kw name="Click Element" library="SeleniumLibrary">
<arg>//label[@for="RESULT_CheckBox-8_5"]</arg>
<doc>Click the element identified by ``locator``.</doc>
<msg timestamp="20231109 09:54:52.768" level="INFO">Clicking element '//label[@for="RESULT_CheckBox-8_5"]'.</msg>
<status status="PASS" starttime="20231109 09:54:52.767" endtime="20231109 09:54:52.836"/>
</kw>
<kw name="Click Element" library="SeleniumLibrary">
<arg>//label[@for="RESULT_CheckBox-8_6"]</arg>
<doc>Click the element identified by ``locator``.</doc>
<msg timestamp="20231109 09:54:52.837" level="INFO">Clicking element '//label[@for="RESULT_CheckBox-8_6"]'.</msg>
<status status="PASS" starttime="20231109 09:54:52.836" endtime="20231109 09:54:52.886"/>
</kw>
<kw name="Click Element" library="SeleniumLibrary">
<arg>//label[@for="RESULT_CheckBox-8_0"]</arg>
<doc>Click the element identified by ``locator``.</doc>
<msg timestamp="20231109 09:54:52.887" level="INFO">Clicking element '//label[@for="RESULT_CheckBox-8_0"]'.</msg>
<status status="PASS" starttime="20231109 09:54:52.887" endtime="20231109 09:54:52.933"/>
</kw>
<kw name="Click Element" library="SeleniumLibrary">
<arg>//label[@for="RESULT_CheckBox-8_6"]</arg>
<doc>Click the element identified by ``locator``.</doc>
<msg timestamp="20231109 09:54:52.934" level="INFO">Clicking element '//label[@for="RESULT_CheckBox-8_6"]'.</msg>
<status status="PASS" starttime="20231109 09:54:52.934" endtime="20231109 09:54:52.974"/>
</kw>
<status status="PASS" starttime="20231109 09:54:52.451" endtime="20231109 09:54:52.975"/>
</kw>
<kw name="preencher dropdown">
<kw name="Select From List By Label" library="SeleniumLibrary">
<arg>id:RESULT_RadioButton-9</arg>
<arg>Morning</arg>
<doc>Selects options from selection list ``locator`` by ``labels``.</doc>
<msg timestamp="20231109 09:54:52.977" level="INFO">Selecting options from selection list 'id:RESULT_RadioButton-9' by label Morning.</msg>
<status status="PASS" starttime="20231109 09:54:52.977" endtime="20231109 09:54:53.063"/>
</kw>
<status status="PASS" starttime="20231109 09:54:52.976" endtime="20231109 09:54:53.063"/>
</kw>
<kw name="clicar em enviar">
<kw name="Click Button" library="SeleniumLibrary">
<arg>${send_button}</arg>
<doc>Clicks the button identified by ``locator``.</doc>
<msg timestamp="20231109 09:54:53.066" level="INFO">Clicking button 'id:FSsubmit'.</msg>
<status status="PASS" starttime="20231109 09:54:53.065" endtime="20231109 09:54:53.513"/>
</kw>
<status status="PASS" starttime="20231109 09:54:53.064" endtime="20231109 09:54:53.513"/>
</kw>
<kw name="fechar navegador">
<kw name="Close Browser" library="SeleniumLibrary">
<doc>Closes the current browser.</doc>
<status status="PASS" starttime="20231109 09:54:53.515" endtime="20231109 09:54:55.661"/>
</kw>
<status status="PASS" starttime="20231109 09:54:53.515" endtime="20231109 09:54:55.662"/>
</kw>
<status status="PASS" starttime="20231109 09:54:49.324" endtime="20231109 09:54:55.664"/>
</test>
<status status="PASS" starttime="20231109 09:54:49.079" endtime="20231109 09:54:55.669"/>
</suite>
<statistics>
<total>
<stat pass="1" fail="0" skip="0">All Tests</stat>
</total>
<tag>
</tag>
<suite>
<stat pass="1" fail="0" skip="0" id="s1" name="Formulario">Formulario</stat>
</suite>
</statistics>
<errors>
</errors>
</robot>
